<?xml version="1.0" encoding="UTF-8"?>
<testng-results ignored="0" total="1" passed="1" failed="0" skipped="0">
  <reporter-output>
  </reporter-output>
  <suite started-at="2024-12-17T16:42:23 IST" name="Suite" finished-at="2024-12-17T16:42:42 IST" duration-ms="18783">
    <groups>
    </groups>
    <test started-at="2024-12-17T16:42:23 IST" name="Test" finished-at="2024-12-17T16:42:42 IST" duration-ms="18783">
      <class name="moduleOne_Login.SauceLab_Login_Test">
        <test-method is-config="true" signature="openBrowwser()[pri:0, instance:moduleOne_Login.SauceLab_Login_Test@57a3af25]" started-at="2024-12-17T16:42:23 IST" name="openBrowwser" finished-at="2024-12-17T16:42:32 IST" duration-ms="8752" status="PASS">
          <reporter-output>
          </reporter-output>
        </test-method> <!-- openBrowwser -->
        <test-method is-config="true" signature="login()[pri:0, instance:moduleOne_Login.SauceLab_Login_Test@57a3af25]" started-at="2024-12-17T16:42:32 IST" name="login" finished-at="2024-12-17T16:42:33 IST" duration-ms="998" status="PASS">
          <reporter-output>
          </reporter-output>
        </test-method> <!-- login -->
        <test-method signature="verifyLogo()[pri:0, instance:moduleOne_Login.SauceLab_Login_Test@57a3af25]" started-at="2024-12-17T16:42:33 IST" name="verifyLogo" finished-at="2024-12-17T16:42:36 IST" duration-ms="2739" status="PASS">
          <reporter-output>
          </reporter-output>
        </test-method> <!-- verifyLogo -->
        <test-method is-config="true" signature="logout(org.testng.ITestResult)[pri:0, instance:moduleOne_Login.SauceLab_Login_Test@57a3af25]" started-at="2024-12-17T16:42:36 IST" name="logout" finished-at="2024-12-17T16:42:38 IST" duration-ms="2185" status="PASS">
          <params>
            <param index="0">
              <value>
                <![CDATA[[TestResult name=verifyLogo status=SUCCESS method=SauceLab_Login_Test.verifyLogo()[pri:0, instance:moduleOne_Login.SauceLab_Login_Test@57a3af25] output={null}]]]>
              </value>
            </param>
          </params>
          <reporter-output>
          </reporter-output>
        </test-method> <!-- logout -->
        <test-method is-config="true" signature="closeApp()[pri:0, instance:moduleOne_Login.SauceLab_Login_Test@57a3af25]" started-at="2024-12-17T16:42:38 IST" name="closeApp" finished-at="2024-12-17T16:42:42 IST" duration-ms="3928" status="PASS">
          <reporter-output>
          </reporter-output>
        </test-method> <!-- closeApp -->
      </class> <!-- moduleOne_Login.SauceLab_Login_Test -->
    </test> <!-- Test -->
  </suite> <!-- Suite -->
</testng-results>
