<?xml version="1.0" encoding="UTF-8"?>
<testng-results ignored="0" total="3" passed="3" failed="0" skipped="0">
  <reporter-output>
  </reporter-output>
  <suite started-at="2024-12-19T15:34:38 IST" name="Suite" finished-at="2024-12-19T15:35:27 IST" duration-ms="49419">
    <groups>
    </groups>
    <test started-at="2024-12-19T15:34:38 IST" name="chrome" finished-at="2024-12-19T15:35:17 IST" duration-ms="39116">
      <class name="moduleOne_Login.SauceLab_Login_Test">
        <test-method is-config="true" signature="openBrowwser(java.lang.String)[pri:0, instance:moduleOne_Login.SauceLab_Login_Test@3c19aaa5]" started-at="2024-12-19T15:34:38 IST" name="openBrowwser" finished-at="2024-12-19T15:34:57 IST" duration-ms="19251" status="PASS">
          <params>
            <param index="0">
              <value>
                <![CDATA[chrome]]>
              </value>
            </param>
          </params>
          <reporter-output>
          </reporter-output>
        </test-method> <!-- openBrowwser -->
        <test-method is-config="true" signature="login()[pri:0, instance:moduleOne_Login.SauceLab_Login_Test@3c19aaa5]" started-at="2024-12-19T15:34:57 IST" name="login" finished-at="2024-12-19T15:35:03 IST" duration-ms="5474" status="PASS">
          <reporter-output>
          </reporter-output>
        </test-method> <!-- login -->
        <test-method signature="verifyLogo()[pri:0, instance:moduleOne_Login.SauceLab_Login_Test@3c19aaa5]" started-at="2024-12-19T15:35:03 IST" name="verifyLogo" finished-at="2024-12-19T15:35:07 IST" duration-ms="4209" status="PASS">
          <reporter-output>
          </reporter-output>
        </test-method> <!-- verifyLogo -->
        <test-method is-config="true" signature="logout(org.testng.ITestResult)[pri:0, instance:moduleOne_Login.SauceLab_Login_Test@3c19aaa5]" started-at="2024-12-19T15:35:07 IST" name="logout" finished-at="2024-12-19T15:35:10 IST" duration-ms="3077" status="PASS">
          <params>
            <param index="0">
              <value>
                <![CDATA[[TestResult name=verifyLogo status=SUCCESS method=SauceLab_Login_Test.verifyLogo()[pri:0, instance:moduleOne_Login.SauceLab_Login_Test@3c19aaa5] output={null}]]]>
              </value>
            </param>
          </params>
          <reporter-output>
          </reporter-output>
        </test-method> <!-- logout -->
        <test-method is-config="true" signature="closeApp()[pri:0, instance:moduleOne_Login.SauceLab_Login_Test@3c19aaa5]" started-at="2024-12-19T15:35:10 IST" name="closeApp" finished-at="2024-12-19T15:35:17 IST" duration-ms="7018" status="PASS">
          <reporter-output>
          </reporter-output>
        </test-method> <!-- closeApp -->
      </class> <!-- moduleOne_Login.SauceLab_Login_Test -->
    </test> <!-- chrome -->
    <test started-at="2024-12-19T15:34:38 IST" name="edge" finished-at="2024-12-19T15:35:18 IST" duration-ms="39900">
      <class name="moduleOne_Login.SauceLab_Login_Test">
        <test-method is-config="true" signature="openBrowwser(java.lang.String)[pri:0, instance:moduleOne_Login.SauceLab_Login_Test@2d3379b4]" started-at="2024-12-19T15:34:38 IST" name="openBrowwser" finished-at="2024-12-19T15:34:56 IST" duration-ms="18502" status="PASS">
          <params>
            <param index="0">
              <value>
                <![CDATA[edge]]>
              </value>
            </param>
          </params>
          <reporter-output>
          </reporter-output>
        </test-method> <!-- openBrowwser -->
        <test-method is-config="true" signature="login()[pri:0, instance:moduleOne_Login.SauceLab_Login_Test@2d3379b4]" started-at="2024-12-19T15:34:56 IST" name="login" finished-at="2024-12-19T15:35:01 IST" duration-ms="4519" status="PASS">
          <reporter-output>
          </reporter-output>
        </test-method> <!-- login -->
        <test-method signature="verifyLogo()[pri:0, instance:moduleOne_Login.SauceLab_Login_Test@2d3379b4]" started-at="2024-12-19T15:35:01 IST" name="verifyLogo" finished-at="2024-12-19T15:35:07 IST" duration-ms="6050" status="PASS">
          <reporter-output>
          </reporter-output>
        </test-method> <!-- verifyLogo -->
        <test-method is-config="true" signature="logout(org.testng.ITestResult)[pri:0, instance:moduleOne_Login.SauceLab_Login_Test@2d3379b4]" started-at="2024-12-19T15:35:07 IST" name="logout" finished-at="2024-12-19T15:35:10 IST" duration-ms="2912" status="PASS">
          <params>
            <param index="0">
              <value>
                <![CDATA[[TestResult name=verifyLogo status=SUCCESS method=SauceLab_Login_Test.verifyLogo()[pri:0, instance:moduleOne_Login.SauceLab_Login_Test@2d3379b4] output={null}]]]>
              </value>
            </param>
          </params>
          <reporter-output>
          </reporter-output>
        </test-method> <!-- logout -->
        <test-method is-config="true" signature="closeApp()[pri:0, instance:moduleOne_Login.SauceLab_Login_Test@2d3379b4]" started-at="2024-12-19T15:35:10 IST" name="closeApp" finished-at="2024-12-19T15:35:18 IST" duration-ms="7808" status="PASS">
          <reporter-output>
          </reporter-output>
        </test-method> <!-- closeApp -->
      </class> <!-- moduleOne_Login.SauceLab_Login_Test -->
    </test> <!-- edge -->
    <test started-at="2024-12-19T15:34:38 IST" name="firefox" finished-at="2024-12-19T15:35:27 IST" duration-ms="49419">
      <class name="moduleOne_Login.SauceLab_Login_Test">
        <test-method is-config="true" signature="openBrowwser(java.lang.String)[pri:0, instance:moduleOne_Login.SauceLab_Login_Test@6b2ea799]" started-at="2024-12-19T15:34:38 IST" name="openBrowwser" finished-at="2024-12-19T15:35:16 IST" duration-ms="37662" status="PASS">
          <params>
            <param index="0">
              <value>
                <![CDATA[firefox]]>
              </value>
            </param>
          </params>
          <reporter-output>
          </reporter-output>
        </test-method> <!-- openBrowwser -->
        <test-method is-config="true" signature="login()[pri:0, instance:moduleOne_Login.SauceLab_Login_Test@6b2ea799]" started-at="2024-12-19T15:35:16 IST" name="login" finished-at="2024-12-19T15:35:17 IST" duration-ms="1643" status="PASS">
          <reporter-output>
          </reporter-output>
        </test-method> <!-- login -->
        <test-method signature="verifyLogo()[pri:0, instance:moduleOne_Login.SauceLab_Login_Test@6b2ea799]" started-at="2024-12-19T15:35:17 IST" name="verifyLogo" finished-at="2024-12-19T15:35:18 IST" duration-ms="905" status="PASS">
          <reporter-output>
          </reporter-output>
        </test-method> <!-- verifyLogo -->
        <test-method is-config="true" signature="logout(org.testng.ITestResult)[pri:0, instance:moduleOne_Login.SauceLab_Login_Test@6b2ea799]" started-at="2024-12-19T15:35:18 IST" name="logout" finished-at="2024-12-19T15:35:20 IST" duration-ms="2253" status="PASS">
          <params>
            <param index="0">
              <value>
                <![CDATA[[TestResult name=verifyLogo status=SUCCESS method=SauceLab_Login_Test.verifyLogo()[pri:0, instance:moduleOne_Login.SauceLab_Login_Test@6b2ea799] output={null}]]]>
              </value>
            </param>
          </params>
          <reporter-output>
          </reporter-output>
        </test-method> <!-- logout -->
        <test-method is-config="true" signature="closeApp()[pri:0, instance:moduleOne_Login.SauceLab_Login_Test@6b2ea799]" started-at="2024-12-19T15:35:20 IST" name="closeApp" finished-at="2024-12-19T15:35:27 IST" duration-ms="6895" status="PASS">
          <reporter-output>
          </reporter-output>
        </test-method> <!-- closeApp -->
      </class> <!-- moduleOne_Login.SauceLab_Login_Test -->
    </test> <!-- firefox -->
  </suite> <!-- Suite -->
</testng-results>
